uikit
uikit
a
lightweight
modular
front
framework
developing
fast
powerful
web
interfaces
homepage
http
getuikit
learn
uikit
getuikit
https
twitter
getuikit
latest
buzz
twitter
google
community
https
google
communities
114238665434626719878
share
news
latest
work
join
developer
chat
online
work
day
8
00
18
00
utc
gitter
https
badges
gitter
im
join
20chat
svg
https
gitter
im
uikit
uikit
started
options
uikit
download
latest
release
https
github
uikit
uikit
releases
latest
clone
repo
git
clone
git
github
uikit
uikit
git
install
bower
http
bower
io
bower
install
uikit
find
compiled
uikit
distribution
repo
https
github
uikit
bower
uikit
developers
install
node
http
nodejs
org
gulp
http
gulpjs
build
uikit
haven
t
gulp
install
gulp
package
a
global
install
npm
install
global
gulp
haven
t
clone
uikit
git
repo
git
clone
git
github
uikit
uikit
git
install
node
dependencies
cd
uikit
npm
install
run
gulp
lint
build
minify
release
gulp
t
themename
built
version
uikit
put
dist
subdirectory
pass
a
theme
parameter
build
theme
browsersync
gulp
sync
running
gulp
sync
a
browser
instance
open
pointing
uikit
folder
http
localhost
3000
browser
window
reload
anytime
modify
a
source
file
custom
prefix
run
gulp
prefix
parameter
p
classes
javascript
files
custom
prefixed
gulp
p
myprefix
contributing
uikit
gitflow
branching
model
http
nvie
posts
a
successful
git
branching
model
master
branch
reflects
a
production
ready
state
latest
development
place
develop
branch
time
work
a
fix
a
feature
create
a
branch
based
develop
branch
git
checkout
b
branch_name
develop
pull
requests
develop
branch
merged
versioning
uikit
maintained
semantic
versioning
specification
semver
http
semver
org
browser
support
chrome
https
raw
github
alrra
browser
logos
master
chrome
chrome_48x48
png
firefox
https
raw
github
alrra
browser
logos
master
firefox
firefox_48x48
png
https
raw
github
alrra
browser
logos
master
internet
explorer
internet
explorer_48x48
png
safari
https
raw
github
alrra
browser
logos
master
safari
safari_48x48
png
opera
https
raw
github
alrra
browser
logos
master
opera
opera_48x48
png
latest
latest
9
7
1
latest
tested
browserstack
https
www
browserstack
sponsoring
copyright
license
copyright
yootheme
http
www
yootheme
gmbh
mit
license
license
md
