foundation
site
http
foundation
zurb
v6
1
npm
version
http
badge
fury
io
j
foundation
site
svg
http
badge
fury
io
j
foundation
site
bower
version
http
badge
fury
io
bo
foundation
site
svg
http
badge
fury
io
bo
foundation
site
gem
version
http
badge
fury
io
rb
foundation
rail
svg
http
badge
fury
io
rb
foundation
rail
devdependency
status
http
david
dm
org
zurb
foundation
site
dev
status
svg
http
david
dm
org
zurb
foundation
site
info
devdependencies
gitter
http
badge
gitter
im
join
20chat
svg
http
gitter
im
zurb
foundation
site
utm_source
badge
utm_medium
badge
utm_campaign
pr
badge
foundation
advanced
responsive
front
framework
world
quickly
prototype
production
building
site
apps
work
kind
device
foundation
includes
layout
construct
a
fully
customizable
responsive
grid
commonly
javascript
plugins
full
a11y
support
requirement
requires
nodejs
installed
machine
work
version
0
12
higher
sas
compiled
libsass
requires
gcc
installed
machine
window
user
install
mingw
http
www
mingw
org
mac
user
install
xcode
command
line
tool
http
osxdaily
2014
02
12
install
command
line
tool
mac
o
x
setup
foundation
install
yeti
launch
http
foundation
zurb
develop
yeti
launch
html
check
install
cli
http
www
npmjs
package
foundation
cli
npm
install
g
foundation
cli
download
latest
release
http
foundation
zurb
site
download
html
install
bower
http
bower
io
bower
install
foundation
site
install
npm
http
npmjs
npm
install
foundation
site
install
atmosphere
meteor
http
atmospherejs
meteor
add
zurb
foundation
site
install
composer
http
getcomposer
org
php
composer
phar
require
zurb
foundation
documentation
foundation
gulp
http
gulpjs
supercollider
http
www
npmjs
package
supercollider
generate
documentation
page
http
foundation
zurb
site
doc
documentation
run
local
computer
view
documentation
locally
ll
clone
foundation
repo
install
dependency
command
git
clone
git
github
zurb
foundation
site
git
cd
foundation
site
npm
install
run
npm
start
documentation
compiled
launch
instance
browsersync
http
www
browsersync
io
open
a
tab
default
browser
file
structure
foundation
dist
doc
copyright
c
2016
zurb
