yaml
css
framework
yaml
multicolumn
layout
a
modular
css
framework
flexible
accessible
responsive
websites
yaml
focussed
device
independent
screen
design
bullet
proof
modules
flexible
layouts
a
perfect
starting
point
key
responsive
design
latest
version
4
1
2
website
http
www
yaml
de
quick
start
css
port
download
project
a
examples
demos
folder
sass
port
ruby
http
www
ruby
lang
org
en
downloads
sass
http
sass
lang
download
html
compass
http
compass
style
org
install
installed
compass
compile
starts
a
single
compass
run
compile
sass
scss
files
css
compass
watch
starts
compass
watcher
recompiles
sass
scss
files
change
folder
structure
sass
port
built
a
create
a
fully
customized
version
yaml
s
framework
files
sass
css
sass
projects
sass
docs
assets
css
yaml
docs
css
built
sass
sass
static
build
file
wrapper
yaml
builds
deleted
don
t
compile
static
yaml
builds
sass
yaml
sass
sass
port
yaml
css
framework
mind
yaml
sass
folder
javascript
files
needed
create
a
complete
yaml
build
create
custom
yaml
builds
node
js
http
nodejs
org
download
grunt
cli
http
gruntjs
started
ruby
http
www
ruby
lang
org
en
downloads
sass
http
sass
lang
download
html
compass
http
compass
style
org
install
installed
run
npm
install
root
directory
project
resolve
install
grunt
dependencies
tasks
grunt
starts
a
single
compass
run
compile
sass
scss
files
css
grunt
watch
starts
compass
watcher
recompiles
sass
scss
files
change
grunt
build
compiles
optimizes
static
yaml4
css
files
release
production
grunt
build
utf8
functionality
grunt
build
doesn
t
remove
charset
utf8
rule
css
files
docs
download
clone
project
open
file
docs
index
html
browser
licenses
yaml
creative
commons
license
cc
2
0
yaml
framework
published
creative
commons
attribution
2
0
license
cc
2
0
http
creativecommons
org
licenses
2
0
permits
private
commercial
condition
free
yaml
framework
a
backlink
yaml
homepage
http
www
yaml
de
a
suitable
place
e
g
footer
website
imprint
required
general
nice
a
short
note
yaml
based
projects
released
highly
pleased
yaml
a
amazon
https
www
amazon
de
gp
registry
wishlist
108q0yyj49uc2
list
yaml
commercial
distribution
license
yaml
cdl
a
commercial
software
developer
release
software
a
license
doesn
t
fit
creative
commons
attribution
2
0
license
http
creativecommons
org
licenses
2
0
purchase
a
commercial
license
offer
commercial
license
models
project
related
license
general
license
oem
license
full
license
texts
contact
information
http
www
yaml
de
license
html
