____
__
__
_
__
__
___
____
___
___
__
_
____
_
__
___
__
__
_
__
__
_
__
__
__
__
____
__
_
____
_
_
_
__
____
_
_
____
_
_
____
___
__
_
____
_
_
___
___
_
_
____
_
_
___
____
___
_
_______________________________________________________________________________
_
_
_
backbone
supply
structure
javascript
heavy
application
providing
model
key
binding
custom
event
collection
a
rich
api
enumerable
function
view
declarative
event
handling
connects
existing
application
a
restful
json
interface
doc
license
test
pre
packed
downloads
http
backbonejs
org
suggest
a
feature
report
a
bug
http
github
jashkenas
backbone
issue
question
working
backbone
general
discussion
http
group
google
forum
forum
backbonejs
http
stackoverflow
question
tagged
backbone
j
http
gitter
im
jashkenas
backbone
backbone
open
sourced
component
documentcloud
http
github
documentcloud
contributor
http
github
jashkenas
backbone
graph
contributor
special
robert
kieffer
original
philosophy
backbone
http
github
broofa
