groundwork
logo
https
0
gravatar
avatar
c8ae740c0b5f7dd913308974a07ee02c
s
150
groundworkcss
2
5
0
responsive
design
easy
http
groundworkcss
github
io
http
groundworkcss
github
io
groundworkcss
http
groundworkcss
github
io
a
fully
responsive
html5
css
javascript
toolkit
created
ghepting
http
twitter
ghepting
groundworkcss
rapidly
prototype
create
accessible
web
apps
work
virtually
device
key
features
groundworkcss
stand
nestable
fractional
responsive
adaptive
fluid
grid
system
works
virtually
mobile
tablet
large
screen
devices
built
modular
sass
coffeescript
components
easy
customize
highly
configurable
supports
purely
semantic
implementations
utilizing
sass
extend
mixin
placeholder
classes
built
aria
role
support
responsive
text
tables
started
groundworkcss
default
build
easiest
incorporate
groundworkcss
project
copy
pre
compiled
css
js
files
project
refer
markup
2
important
files
css
groundwork
css
js
groundwork
js
addition
required
support
files
js
libs
modernizr
2
6
2
min
js
required
js
libs
jquery
1
10
2
min
js
required
css
groundwork
css
required
compatibility
markup
top
html
document
head
section
modernizr
script
src
js
libs
modernizr
2
6
2
min
js
script
framework
css
gt
9
link
type
text
css
rel
stylesheet
href
css
groundwork
css
endif
lte
9
link
type
text
css
rel
stylesheet
href
css
groundwork
core
css
link
type
text
css
rel
stylesheet
href
css
groundwork
type
css
link
type
text
css
rel
stylesheet
href
css
groundwork
ui
css
link
type
text
css
rel
stylesheet
href
css
groundwork
anim
css
link
type
text
css
rel
stylesheet
href
css
groundwork
css
endif
bottom
html
document
closing
body
tag
script
type
text
javascript
src
js
libs
jquery
1
10
2
min
js
script
script
type
text
javascript
src
js
groundwork
js
script
custom
build
sass
compile
build
groundwork
integrate
project
code
sass
source
files
located
src
sass
src
coffee
important
files
edit
groundwork
sass
dictates
modules
imported
compilation
delete
comment
unneeded
modules
_settings
sass
initial
settings
groundwork
including
customizable
colors
options
turn
rapid
prototyping
classes
output
groundwork
css
js
import
groundwork
sass
part
project
s
sass
lets
utilise
groundworkcss
s
library
include
extend
custom
classes
ruby
rails
groundwork
a
ruby
rails
project
groundworkcss
rails
gem
http
github
groundworkcss
groundworkcss
rails
develop
contribute
groundworkcss
read
contributing
groundwork
https
github
groundworkcss
groundwork
wiki
contributing
groundwork
fork
