div
http
www
phaser
io
images
github
div2
png
phaser
img
src
http
phaser
io
images
github
jump
jpg
align
phaser
a
fast
free
fun
open
source
html5
game
framework
pixi
js
https
github
goodboydigital
pixi
js
webgl
canvas
rendering
desktop
mobile
web
browsers
games
compiled
ios
android
apps
3rd
party
tools
fantastic
open
source
community
phaser
actively
developed
maintained
photon
storm
limited
http
www
photonstorm
a
result
rapid
support
a
developer
friendly
api
phaser
starred
https
github
showcases
javascript
game
engines
game
frameworks
github
thousands
developers
worldwide
indies
multi
national
digital
agencies
schools
universities
creating
incredible
games
grab
source
join
fun
visit
phaser
website
http
phaser
io
follow
twitter
https
twitter
photonstorm
phaserjs
learn
api
documentation
http
phaser
io
docs
support
forum
forum
stackoverflow
http
stackoverflow
questions
tagged
phaser
framework
code
700
source
examples
http
phaser
io
examples
git
repo
examples
read
subscribe
newsletter
https
confirmsubscription
h
r
369de48e3e86af1e
grab
phaser
books
http
phaser
io
shop
chat
phaserio
irc
channel
http
www
html5gamedevs
topic
4470
official
phaserio
irc
channel
phaserio
freenode
slack
channel
http
phaser
io
news
2015
08
phaser
slack
channel
extend
phaser
plugins
http
phaser
io
shop
plugins
awesome
support
future
phaser
patreon
https
www
patreon
photonstorm
buying
books
http
phaser
io
shop
books
div
http
www
phaser
io
images
github
div
png
index
s
whats
support
phaser
patreon
download
phaser
download
started
started
phaser
phaser
games
phaser
games
requirements
requirements
road
map
road
map
change
log
change
log
contributing
contributing
div
http
www
phaser
io
images
github
div
png
a
whats
a
s
phaser
2
4
4
div
align
center
img
src
http
phaser
io
images
github
news
jpg
div
15th
october
2015
release
phaser
2
4
4
continues
work
bug
fixes
features
optimizations
previous
version
s
a
point
release
making
a
safe
upgrade
earlier
2
4
build
internally
phaser
hq
busy
projects
released
interphase
http
phaser
io
interphase
a
400
page
publication
phaser
developers
packed
full
exclusive
content
including
8
complete
games
tutorials
a
deep
dive
phaser
state
manager
s
a
blast
write
encouraged
response
readers
planning
releasing
interphase
2
year
ve
released
particle
storm
http
phaser
io
shop
plugins
particlestorm
advanced
particle
system
allowing
easily
create
stunning
special
effects
games
a
lines
code
primary
design
goal
create
a
particle
system
extremely
flexible
important
easily
integrate
effects
games
particles
constructed
easy
understand
javascript
objects
multiple
properties
options
quickly
put
complex
visuals
minimum
effort
close
2015
a
couple
releases
horizon
phaser
2
4
5
close
a
fully
working
build
phaser
2
renderer
eyes
phaser
web
site
twitter
https
twitter
photonstorm
latest
news
finally
d
extremely
grateful
involved
phaser
patreon
campaign
https
www
patreon
photonstorm
uptake
fantastic
supports
phaser
development
shares
belief
future
html5
gaming
phasers
role
happy
coding
forums
cheers
rich
photonstorm
https
twitter
photonstorm
boogie
http
www
phaser
io
images
spacedancer
gif
div
http
www
phaser
io
images
github
div
png
a
patreon
a
support
phaser
patreon
patreon
http
www
phaser
io
images
patreon
png
support
future
development
phaser
patreon
campaign
https
www
patreon
photonstorm
ve
exciting
plans
s
d
s
work
phaser
sponsors
phaser
sponsored
https
www
patreon
photonstorm
great
companies
qici
http
www
phaser
io
images
sponsors
qici
100
png
qici
engine
a
powerful
stop
integrated
phaser
game
editor
http
www
qiciengine
zenva
http
www
phaser
io
images
sponsors
zenva
100
png
zenva
academy
online
courses
phaser
html5
native
app
development
https
academy
zenva
zva_src
phaserpatreon
a
download
a
download
phaser
phaser
hosted
github
phaser
a
number
ways
download
clone
git
repository
https
clone
http
ssh
clone
ssh
github
windows
clone
ghwin
mac
clone
ghmac
clients
download
zip
zip
tar
gz
tgz
download
build
files
phaser
js
js
phaser
min
js
minjs
checkout
svn
clone
svn
bower
npm
install
bower
http
bower
io
bower
install
phaser
install
npm
https
www
npmjs
npm
install
phaser
cdn
jsdelivr
http
www
jsdelivr
phaser
a
super
fast
cdn
developers
include
html
script
src
cdn
jsdelivr
net
phaser
2
4
4
phaser
js
script
minified
version
script
src
cdn
jsdelivr
net
phaser
2
4
4
phaser
min
js
script
cdnjs
https
cdnjs
libraries
phaser
offers
a
free
cdn
service
versions
phaser
custom
builds
script
src
https
cdnjs
cloudflare
ajax
libs
phaser
2
4
4
phaser
js
script
phaser
sandbox
d
coding
phaser
web
browser
head
phaser
sandbox
http
phaser
io
sandbox
ll
find
quick
start
templates
a
user
friendly
editor
filled
handy
code
completion
features
koding
phaser
downloading
site
koding
https
koding
offer
a
complete
browser
based
virtual
machine
work
allowing
clone
phaser
repo
start
work
immediately
license
phaser
released
mit
license
http
opensource
org
licenses
mit
div
http
www
phaser
io
images
github
div
png
a
started
a
started
img
src
http
phaser
io
images
github
learn
jpg
align
a
started
guide
http
phaser
io
tutorials
started
covers
developing
games
phaser
setting
a
web
server
picking
ide
coding
game
prefer
videos
reading
lynda
published
a
free
html5
game
development
phaser
http
www
lynda
phaser
tutorials
html5
game
development
phaser
163641
2
html
single
biggest
phaser
resource
phaser
web
site
http
phaser
io
news
hundreds
tutorials
listed
fresh
added
week
coming
s
phaser
typescript
check
great
series
game
scratch
http
www
gamefromscratch
page
adventures
phaser
typescript
tutorial
series
aspx
tutorials
source
code
examples
started
phaser
ve
growing
expanding
extensive
set
source
code
examples
700
browse
phaser
examples
http
phaser
io
examples
clone
examples
repo
examples
eat
heart
interphase
div
align
center
img
src
http
phaser
io
content
interphase
1
images
editorial
pages
jpg
div
interphase
http
phaser
io
interphase
a
book
phaser
developers
skill
levels
400
pages
content
ll
find
detailed
articles
game
development
making
guides
tutorials
written
latest
version
phaser
won
t
learning
dated
tricks
book
source
code
graphics
assets
lots
extras
read
http
phaser
io
interphase
game
mechanic
explorer
game
mechanic
explorer
http
gamemechanicexplorer
a
great
interactive
learn
develop
specific
game
mechanics
phaser
worth
exploring
ve
dev
environment
set
mighty
editor
visual
game
editor
mightyeditor
http
mightyfingers
a
browser
based
visual
phaser
game
editor
create
maps
ease
position
objects
share
seconds
exports
native
phaser
code
excellent
quickly
setting
levels
scenes
div
http
www
phaser
io
images
github
div
png
a
phaser
a
phaser
phaser
ready
compiled
build
folder
repository
plain
minified
versions
plain
version
development
minified
version
production
custom
builds
starting
phaser
2
3
0
include
a
brand
build
system
strip
lots
additional
features
require
saving
hundreds
kb
process
don
t
sound
game
exclude
entire
sound
system
don
t
keyboard
support
stripped
a
result
work
minimum
build
size
phaser
80kb
minified
gzipped
creating
a
custom
phaser
build
http
phaser
io
tutorials
creating
custom
phaser
builds
tutorial
details
building
source
build
phaser
source
advantage
grunt
http
gruntjs
scripts
ensure
required
packages
running
npm
install
run
grunt
perform
a
default
build
dist
folder
div
http
www
phaser
io
images
github
div
png
a
games
a
games
phaser
thousands
games
phaser
game
jam
entries
titles
largest
entertainment
brands
world
a
tiny
sample
game
http
phaser
io
images
github
241
bubble
academy
png
game10
game
http
phaser
io
images
github
241
woodventure
png
game11
game
http
phaser
io
images
github
241
hopsop
png
game12
game
http
phaser
io
images
github
241
banana
mania
png
game13
game
http
phaser
io
images
github
241
salazar
png
game14
game
http
phaser
io
images
github
241
phaser
shmup
png
game15
game
http
phaser
io
images
github
241
trappy
trap
png
game16
game
http
phaser
io
images
github
241
runaway
ruins
png
game17
game
http
phaser
io
images
github
241
ananias
png
game18
game
http
phaser
io
images
github
shot1a
jpg
game1
game
http
phaser
io
images
github
shot2a
jpg
game2
game
http
phaser
io
images
github
shot3a
jpg
game3
game
http
phaser
io
images
github
shot4a
jpg
game4
game
http
phaser
io
images
github
shot5b
jpg
game5
game
http
phaser
io
images
github
shot6b
jpg
game6
game
http
phaser
io
images
github
shot7b
jpg
game7
game
http
phaser
io
images
github
shot8
jpg
game8
game
http
phaser
io
images
github
shot9
jpg
game9
artwork
copyright
respective
owners
add
games
http
phaser
io
news
category
game
phaser
site
weekly
send
s
finished
div
http
www
phaser
io
images
github
div
png
a
requirements
a
requirements
phaser
requires
a
web
browser
supports
canvas
tag
http
caniuse
feat
canvas
includes
internet
explorer
9
firefox
chrome
safari
opera
desktop
ios
safari
android
browser
chrome
android
supported
mobile
phaser
ensure
a
consistent
cross
platform
experience
aware
browser
device
limitations
important
regard
memory
gpu
limitations
mobile
legacy
browser
html5
compatibility
ie9
support
ie9
android
2
x
p2
physics
polyfill
resources
ie9
polyfill
folder
don
t
p2
don
t
care
ie9
skip
javascript
typescript
phaser
developed
javascript
ve
assumptions
code
careful
impose
a
strict
structure
won
t
find
phaser
split
modules
requiring
a
build
step
making
a
class
inheritance
oop
approach
doesn
t
t
means
don
t
force
s
choice
code
typescript
http
www
typescriptlang
org
comprehensive
definition
files
typescript
folder
typescript
1
4
div
http
www
phaser
io
images
github
div
png
a
road
map
a
road
map
majority
phaser
development
place
phaser
3
project
phaser
2
branch
supported
issues
fixed
roadmap
features
migrated
phaser
3
a
phaser3
a
phaser
3
a
good
development
phaser
3
ve
working
hard
creating
a
brand
extremely
powerful
renderer
progress
reports
posted
web
site
http
phaser
io
labs
phaser
3
repo
https
github
photonstorm
phaser3
plenty
time
add
suggestions
feedback
forum
thread
http
www
html5gamedevs
topic
7949
phaser
3
wishlist
thread
exceptional
javascript
developer
join
phaser
3
development
team
a
limited
budget
pay
time
phaser
nano
phaser
nano
https
github
photonstorm
phaser
nano
a
cut
optimized
build
phaser
designed
specifically
super
file
size
environments
banner
ads
interstitials
friendly
api
phaser
a
smaller
footprint
current
release
8
3kb
div
http
www
phaser
io
images
github
div
png
a
change
log
a
change
log
version
2
4
4
amador
15th
october
2015
features
emitter
emitparticle
4
optional
arguments
x
y
key
frame
override
emitter
default
values
emit
particle
coordinates
a
texture
group
resetchild
a
method
call
child
reset
child
loadtexture
child
object
internally
getfirstdead
similar
public
a
group
iteration
callback
note
child
public
reset
loadtexture
methods
valid
call
group
getfirstdead
group
getfirstalive
group
getfirstexists
optional
arguments
createifnull
x
y
key
frame
method
call
find
a
matching
child
i
e
getfirstdead
find
dead
children
optional
createifnull
instantly
create
a
child
group
position
texture
arguments
a
child
group
remove
null
checks
group
inserts
game
code
arguments
a
createifnull
false
provide
extra
arguments
a
child
passed
group
resetchild
method
retrieve
a
child
group
reset
instantly
ready
game
extra
code
p2
body
removecollisiongroup
remove
collisiongroup
array
collisiongroups
list
groups
a
body
collide
updates
collision
masks
garbanas
2047
filter
addtoworld
quickly
create
a
phaser
image
object
position
size
filter
ready
applied
eliminate
lots
duplicate
code
tiled
0
13
0
added
support
layer
data
compression
exporting
json
means
tmx
stored
base64
encoding
start
exporting
layer
data
a
base64
encoded
string
a
native
array
update
adds
automatic
support
long
data
isn
t
compressed
ie9
support
ll
polyfill
resources
folder
noidexe
2084
load
single
layer
pyxel
edit
tilemaps
atlas
joshpmcghee
2050
canvas
getsmoothingprefix
return
vendor
prefixed
smoothing
enabled
context
set
null
random
number
generator
set
state
rnd
state
saving
state
generator
a
string
part
a
save
game
file
load
luckylooke
2056
1900
device
iosversion
major
version
number
ios
pointermode
enumeration
added
simple
input
discrimination
future
active
pointers
touch
screens
passive
pointers
mouse
cursors
pnstickne
2062
button
justreleasedpreventsover
controls
a
release
event
a
pointer
prevents
trigger
event
button
forceout
expanded
accept
a
pointermode
controlled
input
mode
phaser
keycode
a
pseudo
type
keyboard
class
code
separation
keyboard
constants
file
stops
jsdocs
polluted
easier
future
expansion
pnstickne
2118
2031
updates
typescript
definitions
fixes
updates
clark
stevenson
milkey
mouse
timotei
qdrj
garbanas
cloakedninjas
docs
typo
fixes
rwrountree
yeluoqiuzhi
pnstickne
fonsecas72
jackmorgannz
caryanne
math
average
optimized
rwrountree
2025
calling
gameobject
revive
heal
method
called
apply
health
allowing
consideration
a
maxhealth
set
bsparks
2027
change
splice
call
arguments
slice
pnstickne
2034
2032
bitmapdata
move
moveh
movev
a
optional
wrap
argument
allowing
control
contents
bitmapdata
wrapped
edges
true
simply
scrolled
false
time
desiredfps
moved
a
getter
setter
time
physicselapsed
time
physicselapsedms
longer
calculated
frame
desiredfps
changed
time
update
streamlined
updatesettimeout
updateraf
methods
merged
duplicate
code
removed
time
desiredfpsmult
a
pre
calculated
multiplier
game
update
time
refresh
updates
time
time
time
elapsedms
values
called
automatically
game
update
devicebutton
setting
a
duration
property
read
getter
duration
winstonwolff
added
node
js
v4
stable
travis
config
phillipalexander
2070
optimised
canvas
getsmoothingenabled
canvas
setsmoothingenabled
canvas
setimagerenderingcrisp
physics
editor
exporter
resources
folder
repo
option
prefix
shape
names
optimize
json
output
added
garbanas
2093
touch
addtouchlockcallback
a
argument
onend
callback
fire
a
touchstart
a
touchend
event
soundmanager
detects
browser
running
ios9
a
touchend
callback
unlock
audio
subsystem
previous
versions
ios
android
touchstart
fixes
apple
s
screw
regard
changing
web
audio
triggered
mobile
safari
apple
mycatcarlos
heads
2095
inputhandler
validforinput
checks
game
object
input
enabled
set
false
doesn
t
validate
input
s
case
default
button
onovermouseonly
changed
false
true
touch
enabled
games
aware
change
2083
bitmapdata
clear
automatically
calls
bitmapdata
update
color
stub
added
custom
build
process
bare
minimum
functions
phaser
work
cuts
file
size
48
7kb
7
4kb
note
stub
bitmapdata
objects
dom
stub
added
custom
build
process
bare
minimum
functions
phaser
work
cuts
file
size
14
8kb
2
4kb
note
stub
full
scale
manager
scale
manager
stub
added
removes
scale
manager
handling
phaser
saves
75kb
process
don
t
scale
phaser
canvas
handling
externally
safely
stub
a
custom
build
added
pixi
polyk
pixi
webglgraphics
pixi
canvasgraphics
files
graphics
custom
build
option
weren
t
removes
extra
40
2kb
build
size
phaser
create
longer
automatically
creates
a
bitmapdata
object
starts
a
texture
grid
create
stub
added
custom
build
process
cuts
file
size
8kb
exclude
flexgrid
custom
builds
saving
15kb
scalemanager
longer
creates
a
phaser
flexgrid
class
isn
t
i
e
excluded
a
custom
build
time
suggestedfps
defaulted
time
desiredfps
frames
settled
previously
null
noidexe
2130
text
anchor
0
5
word
wrap
extra
space
added
width
calculations
adjusted
nickryall
2052
1990
scalemanager
getparentbounds
checks
parentnode
offsetparent
calling
getboundingclientrect
mcfarts
2134
bug
fixes
loader
bitmapfont
wouldn
t
automatically
set
atlasurl
key
loader
put
baseurl
path
front
data
blob
urls
rblopes
2044
text
width
calculated
add
strokethickness
causing
alignment
offset
nickryall
2039
sound
onendedhandler
a
fix
audiobuffersourcenode
listener
memory
leak
pappa
2069
game
update
call
updatelogic
multiple
times
a
single
frame
catching
slow
device
frame
rates
tweens
advance
speed
mkristo
added
usecapture
flags
removeeventlistener
mspointer
class
pmcmonagle
2055
settimeout
forcesettimeout
true
time
incorrectly
setting
time
timeexpected
causing
game
updates
lag
satan6
2087
fixes
edge
case
tilingsprite
removed
render
pnstickne
2097
2092
camera
setboundstoworld
adjusts
bounds
exists
prudolfs
2099
keyboard
addcallbacks
didn
t
check
arguments
null
undefined
making
jsdocs
misleading
scalemanager
getparentbounds
takes
transforms
account
correct
parent
bounds
jdnichollsc
2111
2098
cache
addbitmapfont
applies
a
default
x
y
spacing
arguments
omitted
nlotz
2128
removed
tileposition
property
phaser
rope
class
isn
t
implemented
caused
calls
rope
reset
crash
spayton
2135
scalemin
scalemax
stopped
working
phaser
2
3
0
due
incorrect
transform
callback
scope
brianbunch
2132
pixi
updates
note
phaser
a
custom
build
pixi
custom
build
pixi
general
canvasrenderer
mapblendmodes
optimised
cut
file
size
pixi
webglrenderer
updatetexture
returns
a
boolean
depending
texture
successfully
bound
gl
context
pixi
webglspritebatch
renderbatch
render
a
texture
updatetexture
failed
bind
checks
return
updatetexture
ignores
failed
binds
webglrenderer
mapblendmodes
optimised
cut
file
size
sprite
getbounds
report
inaccurate
sprite
negatively
scaled
causing
generatetexture
cut
davidapc
2108
removed
displayobject
transformcallback
s
a
game
object
component
basetexture
skiprender
a
boolean
set
skip
rendering
phase
webgl
sprite
batch
a
parent
sprite
visible
texture
i
e
internal
__default
texture
children
render
causing
a
batch
flush
process
previous
releases
extensive
version
history
https
github
photonstorm
phaser
blob
master
changelog
md
div
http
www
phaser
io
images
github
div
png
a
contributing
a
contributing
read
contributors
guide
contribute
full
details
helping
phaser
main
points
a
bug
report
github
issues
issues
include
a
code
sample
pull
requests
dev
branch
master
submitting
a
pull
request
run
code
jshint
http
www
jshint
config
https
github
photonstorm
phaser
blob
master
jshintrc
contributing
read
code
conduct
https
github
photonstorm
phaser
blob
master
code_of_conduct
md
written
cool
shows
phaser
forum
forum
email
support
phaser
io
build
status
https
travis
ci
org
photonstorm
phaser
png
branch
dev
https
travis
ci
org
photonstorm
phaser
div
http
www
phaser
io
images
github
div
png
storm
http
www
phaser
io
images
github
photonstorm
x2
png
phaser
a
photon
storm
http
www
photonstorm
production
created
richard
davey
mailto
rich
photonstorm
powered
coffee
anime
pixels
love
phaser
logo
characters
copy
2015
photon
storm
limited
rights
reserved
video
games
meant
fun
fun
satoru
iwata
analytics
https
ga
beacon
appspot
ua
44006568
2
phaser
index
https
github
igrigorik
ga
beacon
js
https
github
photonstorm
phaser
releases
download
v2
4
4
phaser
js
minjs
https
github
photonstorm
phaser
releases
download
v2
4
4
phaser
min
js
zip
https
github
photonstorm
phaser
archive
v2
4
4
zip
tgz
https
github
photonstorm
phaser
archive
v2
4
4
tar
gz
clone
http
https
github
photonstorm
phaser
git
clone
ssh
git
github
photonstorm
phaser
git
clone
svn
https
github
photonstorm
phaser
clone
ghwin
github
windows
openrepo
https
github
photonstorm
phaser
clone
ghmac
github
mac
openrepo
https
github
photonstorm
phaser
phaser
https
github
photonstorm
phaser
issues
https
github
photonstorm
phaser
issues
examples
https
github
photonstorm
phaser
examples
contribute
https
github
photonstorm
phaser
blob
master
contributing
md
forum
http
www
html5gamedevs
forum
14
phaser
game1
https
www
prodigygame
fun
math
games
game2
http
www
bbc
uk
cbbc
games
deadly
defenders
game
game3
http
www
defiantfew
game4
http
www
pawpatrol
fun
php
game5
http
www
fyretale
game6
http
www
pocoyo
juegos
ninos
caramelos
game7
http
www
html5gamedevs
topic
11179
phaser
cocoonjs
tap
tap
submarine
game8
http
www
gamepix
project
footchinko
game9
http
orcattack
thehobbit
game10
http
phaser
io
news
2015
06
bubble
academy
game11
http
phaser
io
news
2015
07
woodventure
game12
http
phaser
io
news
2015
04
hopsop
journey
top
game13
http
phaser
io
news
2015
05
banana
mania
game14
http
phaser
io
news
2015
06
salazar
alchemist
game15
http
phaser
io
news
2015
05
phaser
shmup
game16
http
phaser
io
news
2015
05
trappy
trap
game17
http
phaser
io
news
2015
04
runaway
ruins
game18
http
phaser
io
news
2015
04
ananias
