physicsjs
a
modular
extendable
easy
physics
engine
javascript
latest
version
0
7
0
beta
usage
visit
website
http
wellcaffeinated
net
physicsjs
details
installation
usage
distribution
files
dist
directory
contributing
source
code
src
directory
source
code
modifications
run
grunt
build
task
rebuild
source
run
unit
tests
install
grunt
http
gruntjs
install
dev
dependencies
npm
install
run
grunt
grunt
default
grunt
task
create
a
_working
directory
physicsjs
development
build
play
note
_working
directory
won
t
committed
gitignore
run
doob
s
htmleditor
editor
play
grunt
automatically
create
development
build
modify
source
src
run
grunt
watch
note
grunt
watch
won
t
run
unit
tests
pull
requests
contributing
a
bug
fix
a
minor
addition
feel
free
a
pull
request
master
branch
create
a
existing
feature
branch
feature
my_feat
issue
a
pull
request
unsure
create
issue
discuss
ensure
files
dist
_unmodified_
features
add
documented
jsdoc
comments
applicable
code
indented
4
space
characters
license
mit
copyright
c
2013
jasper
palfree
http
wellcaffeinated
net
physicsjs
permission
granted
free
charge
person
obtaining
a
copy
software
documentation
files
software
deal
software
restriction
including
limitation
rights
copy
modify
merge
publish
distribute
sublicense
sell
copies
software
permit
persons
software
furnished
subject
conditions
copyright
notice
permission
notice
included
copies
substantial
portions
software
software
warranty
kind
express
implied
including
limited
warranties
merchantability
fitness
a
purpose
noninfringement
event
authors
copyright
holders
liable
claim
damages
liability
action
contract
tort
arising
connection
software
dealings
software
