semantic
http
www
semantic
ui
images
logo
png
semantic
ui
join
chat
https
gitter
im
semantic
org
semantic
ui
https
badges
gitter
im
join
20chat
svg
https
gitter
im
semantic
org
semantic
ui
utm_source
badge
utm_medium
badge
utm_campaign
pr
badge
utm_content
badge
projecttalk
messageboard
http
www
projecttalk
io
images
gh_badge
3e578a9f437f841de7446bab9a49d103
svg
vsn
d
http
www
projecttalk
io
boards
semantic
org
2fsemantic
ui
utm_campaign
gh
badge
utm_medium
badge
utm_source
github
semantic
a
ui
framework
designed
theming
key
features
50
ui
elements
3000
css
variables
3
levels
variable
inheritance
similar
sublimetext
built
em
values
responsive
design
flexbox
friendly
2
1
release
semantic
ui
2
1
read
s
http
www
semantic
ui
introduction
html
docs
migration
info
1
x
2
0
release
notes
https
github
semantic
org
semantic
ui
blob
master
release
notes
md
version
200
march
xx
2015
install
recommended
install
bash
npm
install
semantic
ui
themes
import
build
watch
tasks
gulpfile
semantic
ui
includes
interactive
installer
setup
project
started
https
dl
dropboxusercontent
u
2657007
install
gif
details
setup
visit
started
guide
http
semantic
ui
introduction
started
html
learn
theming
read
theming
guide
http
www
semantic
ui
usage
theming
html
additional
versions
environment
install
script
repo
css
npm
install
semantic
ui
css
css
repo
https
github
semantic
org
semantic
ui
css
https
github
js
npm
install
semantic
ui
repo
https
github
semantic
org
semantic
ui
https
github
js
plugin
npm
install
plugin
semantic
ui
plugin
repo
https
github
bassjobsen
plugin
semantic
ui
emberjs
http
emberjs
ember
install
addon
semantic
ui
ember
ember
repo
https
github
semantic
org
semantic
ui
ember
meteor
https
www
meteor
https
github
js
meteor
add
semantic
ui
meteor
repo
https
github
semantic
org
semantic
ui
meteor
meteor
https
www
meteor
css
meteor
add
semantic
ui
css
css
repo
https
github
semantic
org
semantic
ui
css
bower
http
bower
io
bower
install
semantic
ui
check
integration
wiki
https
github
semantic
org
semantic
ui
wiki
integration
options
browser
support
2
versions
ff
chrome
10
safari
mac
10
android
4
4
chrome
android
44
ios
safari
7
components
work
ie9
grids
http
semantic
ui
collections
grid
html
flexbox
https
developer
mozilla
org
en
docs
web
guide
css
flexible_boxes
components
supported
ie9
correctly
community
post
usage
questions
github
issues
types
questions
stackoverflow
http
stackoverflow
questions
tagged
semantic
ui
projecttalk
http
www
projecttalk
io
boards
semantic
org
2fsemantic
ui
join
gitter
chatroom
https
gitter
im
semantic
org
semantic
ui
submitting
bugs
enhancements
github
issues
https
github
semantic
org
semantic
ui
issues
suggesting
enhancements
reporting
bugs
submiting
a
bug
check
contributing
guide
https
github
semantic
org
semantic
ui
blob
master
contributing
md
info
release
cycle
fork
boilerplate
jsfiddle
http
jsfiddle
net
efp8z6ln
create
a
test
case
bug
a
bug
demonstratable
docs
s
bugs
include
a
test
case
triaged
pull
requests
adding
pull
requests
merge
https
github
semantic
org
semantic
ui
tree
branch
demonstrate
a
fix
release
jsfiddle
http
jsfiddle
net
rduvhn8u
1
international
chinese
a
chinese
mirror
site
http
www
semantic
ui
cn
http
www
semantic
ui
cn
left
rtl
rtl
version
created
build
tools
selecting
rtl
install
script
translation
translate
wiki
guide
https
github
semantic
org
semantic
ui
wiki
translating
semantic
ui
docs
translations
resources
resource
description
bugs
feature
requests
bug
submission
require
a
link
a
test
case
a
set
steps
reproduce
issue
a
test
case
forking
jsfiddle
http
jsfiddle
net
efp8z6ln
submit
bug
report
github
issues
https
github
semantic
org
semantic
ui
issues
live
chat
join
gitter
im
room
https
gitter
im
semantic
org
semantic
ui
message
board
projecttalk
board
http
www
projecttalk
io
boards
semantic
org
2fsemantic
ui
newsletter
updates
sign
updates
semantic
ui
http
www
semantic
ui
additional
resources
submit
a
question
stackoverflow
http
stackoverflow
questions
tagged
semantic
ui
google
group
https
groups
google
forum
forum
semantic
ui
places
project
step
localization
translate
semantic
ui
language
join
translation
community
https
github
semantic
org
semantic
ui
wiki
translating
semantic
ui
docs
scss
http
sass
lang
sass
pr
support
variables
import
add
pull
request
https
github
sass
sass
pulls
739
https
github
sass
sass
issues
739
issuecomment
73984809
angular
https
angularjs
org
develop
angular
bindings
reach
github
issues
https
github
semantic
org
semantic
ui
angular
issues
8
guides
tutorials
write
guides
tutorials
join
discussion
https
github
semantic
org
semantic
ui
issues
1571
reaching
d
start
a
conversation
semantic
feel
free
e
mail
jack
semantic
ui
mailto
jack
semantic
ui
flattr
https
api
flattr
button
flattr
badge
large
png
https
flattr
submit
auto
user_id
jlukic
url
https
3a
2f
2fgithub
2fjlukic
2fsemantic
ui
a
href
http
packagequality
package
semantic
ui
img
src
http
npm
packagequality
badge
semantic
ui
png
a
