panda
j
logo
http
www
pandajs
net
img
panda_178x120
png
panda
j
html5
game
engine
free
html5
game
engine
mobile
desktop
canvas
webgl
rendering
http
www
pandajs
net
install
sudo
npm
install
g
pandatool
mkdir
mypandagame
cd
mypandagame
panda
install
support
join
discussion
official
panda
j
forum
http
www
html5gamedevs
forum
19
pandajs
license
panda
j
released
mit
license
http
opensource
org
license
mit
financed
yle
http
en
wikipedia
org
wiki
yle
analytics
http
ga
beacon
appspot
ua
42024756
3
panda
j
index
pixel
http
github
igrigorik
ga
beacon
