pixi
js
a
2d
javascript
renderer
pixi
js
logo
http
www
goodboydigital
pixijs
pixi_v3_github
pad
png
projects
http
www
pixijs
wp
content
uploads
2013
05
headerpanel_projects
898x342
jpg
http
www
pixijs
projects
pixi
js
inline
docs
http
inch
ci
org
github
goodboydigital
pixi
js
svg
branch
dev
http
inch
ci
org
github
goodboydigital
pixi
js
build
status
https
travis
ci
org
pixijs
pixi
js
svg
branch
dev
https
travis
ci
org
pixijs
pixi
js
aim
project
provide
a
fast
lightweight
2d
library
works
devices
pixi
renderer
enjoy
power
hardware
acceleration
prior
knowledge
webgl
s
fast
fast
date
latest
pixi
js
news
feel
free
follow
twitter
doormat23
https
twitter
doormat23
rolnaaba
https
twitter
rolnaaba
posted
check
site
http
www
goodboydigital
blog
breakthroughs
posted
support
helps
pixi
js
pledge
patreon
https
www
patreon
user
u
2384552
ty
h
u
2384552
ll
love
demos
webgl
filters
http
www
goodboydigital
pixijs
examples
15
indexall
html
run
pixie
run
http
www
goodboydigital
runpixierun
fight
http
www
goodboydigital
casestudies
fightforeveryone
flash
html
http
flashvhtml
bunny
demo
http
www
goodboydigital
pixijs
bunnymark
storm
brewing
http
www
goodboydigital
pixijs
storm
filters
demo
http
www
goodboydigital
pixijs
examples
15
indexall
html
render
texture
demo
http
www
goodboydigital
pixijs
examples
11
primitives
demo
http
www
goodboydigital
pixijs
examples
13
masking
demo
http
www
goodboydigital
pixijs
examples
14
interaction
demo
http
www
goodboydigital
pixijs
examples
6
photonstorm
s
balls
demo
http
gametest
mobi
pixi
balls
photonstorm
s
morph
demo
http
gametest
mobi
pixi
morph
photonstorm
https
twitter
photonstorm
providing
2
examples
allowing
share
source
code
resources
api
documentation
http
pixijs
github
io
docs
feature
examples
https
pixijs
github
io
examples
pixi
js
forum
http
www
html5gamedevs
forum
15
pixijs
misc
tutorials
resources
wiki
https
github
pixijs
pixi
js
wiki
resources
contribute
part
pixi
js
project
great
quicker
find
a
bug
a
great
feature
request
fancy
owning
a
task
road
map
feel
free
touch
read
contributing
guide
https
github
pixijs
pixi
js
blob
master
contributing
md
submitting
current
features
webgl
renderer
automatic
smart
batching
allowing
fast
performance
canvas
renderer
fastest
town
full
scene
graph
super
easy
api
similar
flash
display
list
api
support
texture
atlases
asset
loader
sprite
sheet
loader
auto
detect
renderer
full
mouse
multi
touch
interaction
text
bitmapfont
text
multiline
text
render
texture
primitive
drawing
masking
filters
user
plugins
https
github
pixijs
pixi
js
wiki
pixi
v3
plugins
basic
usage
js
pixi
webglrenderer
pixi
canvasrenderer
pixi
autodetectrenderer
choose
renderer
environment
var
renderer
pixi
webglrenderer
800
600
renderer
create
a
canvas
element
insert
dom
document
body
appendchild
renderer
view
create
a
root
container
hold
scene
draw
var
stage
pixi
container
load
texture
pixi
loader
add
bunny
bunny
png
load
function
loader
resources
creates
a
texture
a
bunny
png
image
var
bunny
pixi
sprite
resources
bunny
texture
setup
position
scale
bunny
bunny
position
x
400
bunny
position
y
300
bunny
scale
x
2
bunny
scale
y
2
add
bunny
scene
building
stage
addchild
bunny
kick
animation
loop
defined
animate
function
animate
start
timer
animation
loop
requestanimationframe
animate
frame
spin
bunny
a
bit
bunny
rotation
0
01
main
render
call
pixi
draw
container
children
renderer
render
stage
build
note
users
don
t
build
project
pixi
download
prebuilt
releases
https
github
pixijs
pixi
js
releases
time
build
pixi
js
developing
don
t
node
js
npm
install
install
gulp
executable
npm
install
g
gulp
folder
cloned
repository
install
build
dependencies
npm
npm
install
build
source
run
gulp
build
create
a
minified
version
bin
pixi
min
js
a
minified
version
bin
pixi
js
plugins
pixi
js
project
specific
plugins
don
t
interaction
extras
exclude
gulp
build
exclude
extras
exclude
interaction
short
form
e
gulp
build
e
extras
e
interaction
e
filters
generate
documentation
docs
generated
npm
npm
run
docs
a
gulp
task
generate
gulp
jsdoc
documentation
jaguar
js
https
github
davidshimjs
jaguarjs
jsdoc
jsdoc
format
configuration
file
gulp
utils
jsdoc
conf
json
https
github
pixijs
pixi
js
blob
dev
gulp
util
jsdoc
conf
json
license
content
released
http
opensource
org
licenses
mit
mit
license
analytics
https
ga
beacon
appspot
ua
39213431
2
pixi
js
index
https
github
igrigorik
ga
beacon
